[2024-08-08 22:17:42] [ INFO ] [DaoImplH2:20] Guardando el Odontólogo: Odontologo{id=nullnumeroMatricula=123, nombre='Juan', apellido='Márquez'}
[2024-08-08 22:17:42] [ ERROR] [DaoImplH2:47] Error al crear el Odontólogo. 
org.h2.jdbc.JdbcSQLSyntaxErrorException: Table "ODONTOLOGOS" not found (this database is empty); SQL statement:
INSERT INTO OdontologoS (MATRICULA, NOMBRE, APELLIDO) VALUES (?,?,?) [42104-230]
	at org.h2.message.DbException.getJdbcSQLException(DbException.java:514)
	at org.h2.message.DbException.getJdbcSQLException(DbException.java:489)
	at org.h2.message.DbException.get(DbException.java:223)
	at org.h2.message.DbException.get(DbException.java:199)
	at org.h2.command.Parser.getTableOrViewNotFoundDbException(Parser.java:7931)
	at org.h2.command.Parser.getTableOrViewNotFoundDbException(Parser.java:7915)
	at org.h2.command.Parser.readTableOrView(Parser.java:7894)
	at org.h2.command.Parser.readTableOrView(Parser.java:7856)
	at org.h2.command.Parser.parseInsert(Parser.java:1520)
	at org.h2.command.Parser.parsePrepared(Parser.java:697)
	at org.h2.command.Parser.parse(Parser.java:580)
	at org.h2.command.Parser.parse(Parser.java:555)
	at org.h2.command.Parser.prepareCommand(Parser.java:484)
	at org.h2.engine.SessionLocal.prepareLocal(SessionLocal.java:644)
	at org.h2.engine.SessionLocal.prepareCommand(SessionLocal.java:560)
	at org.h2.jdbc.JdbcConnection.prepareCommand(JdbcConnection.java:1164)
	at org.h2.jdbc.JdbcPreparedStatement.<init>(JdbcPreparedStatement.java:93)
	at org.h2.jdbc.JdbcConnection.prepareStatement(JdbcConnection.java:1092)
	at com.ctd.dao.impl.DaoImplH2.guardar(DaoImplH2.java:28)
	at com.ctd.dao.impl.DaoImplH2.guardar(DaoImplH2.java:14)
	at com.ctd.service.OdontologoService.guardar(OdontologoService.java:17)
	at com.ctd.main.Main.main(Main.java:18)
[2024-08-08 22:17:42] [ INFO ] [Main:20] Odontólo creado: Odontologo{id=nullnumeroMatricula=123, nombre='Juan', apellido='Márquez'}
[2024-08-08 22:17:42] [ INFO ] [DaoImplH2:61] Buscando todos los Odontólogos
[2024-08-08 22:17:42] [ ERROR] [DaoImplH2:84] Error al listar los Odontologos. 
org.h2.jdbc.JdbcSQLSyntaxErrorException: Table "ODONTOLOGOS" not found (this database is empty); SQL statement:
SELECT * from ODONTOLOGOS [42104-230]
	at org.h2.message.DbException.getJdbcSQLException(DbException.java:514)
	at org.h2.message.DbException.getJdbcSQLException(DbException.java:489)
	at org.h2.message.DbException.get(DbException.java:223)
	at org.h2.message.DbException.get(DbException.java:199)
	at org.h2.command.Parser.getTableOrViewNotFoundDbException(Parser.java:7931)
	at org.h2.command.Parser.getTableOrViewNotFoundDbException(Parser.java:7915)
	at org.h2.command.Parser.readTableOrView(Parser.java:7894)
	at org.h2.command.Parser.readTablePrimary(Parser.java:1768)
	at org.h2.command.Parser.readTableReference(Parser.java:2248)
	at org.h2.command.Parser.parseSelectFromPart(Parser.java:2701)
	at org.h2.command.Parser.parseSelect(Parser.java:2809)
	at org.h2.command.Parser.parseQueryPrimary(Parser.java:2691)
	at org.h2.command.Parser.parseQueryTerm(Parser.java:2546)
	at org.h2.command.Parser.parseQueryExpressionBody(Parser.java:2525)
	at org.h2.command.Parser.parseQueryExpressionBodyAndEndOfQuery(Parser.java:2518)
	at org.h2.command.Parser.parseQueryExpression(Parser.java:2511)
	at org.h2.command.Parser.parseQuery(Parser.java:2478)
	at org.h2.command.Parser.parsePrepared(Parser.java:609)
	at org.h2.command.Parser.parse(Parser.java:580)
	at org.h2.command.Parser.parse(Parser.java:555)
	at org.h2.command.Parser.prepareCommand(Parser.java:484)
	at org.h2.engine.SessionLocal.prepareLocal(SessionLocal.java:644)
	at org.h2.engine.SessionLocal.prepareCommand(SessionLocal.java:560)
	at org.h2.jdbc.JdbcConnection.prepareCommand(JdbcConnection.java:1164)
	at org.h2.jdbc.JdbcPreparedStatement.<init>(JdbcPreparedStatement.java:93)
	at org.h2.jdbc.JdbcConnection.prepareStatement(JdbcConnection.java:315)
	at com.ctd.dao.impl.DaoImplH2.listarTodo(DaoImplH2.java:69)
	at com.ctd.service.OdontologoService.listarTodos(OdontologoService.java:21)
	at com.ctd.main.Main.main(Main.java:22)
